D:\Repository\xui-command-adapter\server\Debug\cl.command.1.tlog
D:\Repository\xui-command-adapter\server\Debug\CL.read.1.tlog
D:\Repository\xui-command-adapter\server\Debug\CL.write.1.tlog
D:\REPOSITORY\XUI-COMMAND-ADAPTER\SERVER\DEBUG\COMMAND-ADAPTER.EXE
D:\REPOSITORY\XUI-COMMAND-ADAPTER\SERVER\DEBUG\COMMAND-ADAPTER.EXE.EMBED.MANIFEST
D:\REPOSITORY\XUI-COMMAND-ADAPTER\SERVER\DEBUG\COMMAND-ADAPTER.EXE.EMBED.MANIFEST.RES
D:\REPOSITORY\XUI-COMMAND-ADAPTER\SERVER\DEBUG\COMMAND-ADAPTER.EXE.INTERMEDIATE.MANIFEST
D:\REPOSITORY\XUI-COMMAND-ADAPTER\SERVER\DEBUG\COMMAND-ADAPTER.ILK
D:\REPOSITORY\XUI-COMMAND-ADAPTER\SERVER\DEBUG\COMMAND-ADAPTER.PDB
D:\Repository\xui-command-adapter\server\Debug\command-adapter.write.1.tlog
D:\Repository\xui-command-adapter\server\Debug\command-adapter_manifest.rc
D:\Repository\xui-command-adapter\server\Debug\link.10140.read.1.tlog
D:\Repository\xui-command-adapter\server\Debug\link.10140.write.1.tlog
D:\Repository\xui-command-adapter\server\Debug\link.10140-cvtres.read.1.tlog
D:\Repository\xui-command-adapter\server\Debug\link.10140-cvtres.write.1.tlog
D:\Repository\xui-command-adapter\server\Debug\link.6016.read.1.tlog
D:\Repository\xui-command-adapter\server\Debug\link.6016.write.1.tlog
D:\Repository\xui-command-adapter\server\Debug\link.6016-cvtres.read.1.tlog
D:\Repository\xui-command-adapter\server\Debug\link.6016-cvtres.write.1.tlog
D:\Repository\xui-command-adapter\server\Debug\link.command.1.tlog
D:\Repository\xui-command-adapter\server\Debug\link.read.1.tlog
D:\Repository\xui-command-adapter\server\Debug\link.write.1.tlog
D:\Repository\xui-command-adapter\server\Debug\link-cvtres.read.1.tlog
D:\Repository\xui-command-adapter\server\Debug\link-cvtres.write.1.tlog
D:\Repository\xui-command-adapter\server\Debug\mt.command.1.tlog
D:\Repository\xui-command-adapter\server\Debug\mt.read.1.tlog
D:\Repository\xui-command-adapter\server\Debug\mt.write.1.tlog
D:\Repository\xui-command-adapter\server\Debug\rc.command.1.tlog
D:\Repository\xui-command-adapter\server\Debug\rc.read.1.tlog
D:\Repository\xui-command-adapter\server\Debug\rc.write.1.tlog
D:\REPOSITORY\XUI-COMMAND-ADAPTER\SERVER\DEBUG\SERVER.OBJ
D:\Repository\xui-command-adapter\server\Debug\vc100.idb
D:\REPOSITORY\XUI-COMMAND-ADAPTER\SERVER\DEBUG\VC100.PDB
